2025-04-15 02:13:22,318 INFO:开始处理日期: 2025-04-02
2025-04-15 02:13:25,635 INFO:开始处理日期: 2025-04-02
2025-04-15 02:13:25,635 INFO:清理临时表...
2025-04-15 02:13:25,940 INFO:已删除表: tmp_user_variation_country
2025-04-15 02:13:26,160 INFO:已删除表: tmp_user_geo_partial
2025-04-15 02:13:26,373 INFO:已删除表: tmp_user_variation_country_final
2025-04-15 02:13:26,587 INFO:已删除表: tmp_active_user_with_d1
2025-04-15 02:13:26,587 INFO:创建去重后的用户分组表（ROW_NUMBER）...
2025-04-15 02:13:28,909 INFO:用户分组表创建完成
2025-04-15 02:13:28,910 INFO:创建 geo 国家信息...
2025-04-15 02:13:47,504 INFO:开始处理日期: 2025-04-02
2025-04-15 02:13:49,880 INFO:开始处理日期: 2025-04-02
2025-04-15 02:13:49,880 INFO:清理临时表...
2025-04-15 02:13:50,114 INFO:已删除表: tmp_user_variation_country
2025-04-15 02:13:50,414 INFO:已删除表: tmp_user_geo_partial
2025-04-15 02:13:50,721 INFO:已删除表: tmp_user_variation_country_final
2025-04-15 02:13:51,028 INFO:已删除表: tmp_active_user_with_d1
2025-04-15 02:13:51,029 INFO:创建去重后的用户分组表（ROW_NUMBER）...
2025-04-15 02:13:53,332 INFO:用户分组表创建完成
2025-04-15 02:13:53,332 INFO:创建 geo 国家信息...
2025-04-15 02:19:23,260 INFO:开始处理日期: 2025-04-02
2025-04-15 02:19:26,248 INFO:开始处理日期: 2025-04-02
2025-04-15 02:19:26,249 INFO:清理临时表...
2025-04-15 02:19:26,470 INFO:已删除表: tmp_user_variation_country
2025-04-15 02:19:26,691 INFO:已删除表: tmp_user_geo_partial
2025-04-15 02:19:26,912 INFO:已删除表: tmp_user_variation_country_final
2025-04-15 02:19:27,127 INFO:已删除表: tmp_active_user_with_d1
2025-04-15 02:19:27,128 INFO:创建去重后的用户分组表（ROW_NUMBER）...
2025-04-15 02:19:29,678 INFO:用户分组表创建完成
2025-04-15 02:19:29,678 INFO:创建 geo 国家信息...
2025-04-15 14:17:44,852 ERROR:处理日期 2025-04-02 时出错: (pymysql.err.OperationalError) (2013, 'Lost connection to MySQL server during query ([Errno 60] Operation timed out)')
[SQL: 
            CREATE TABLE tmp_user_geo_partial AS
            SELECT /*+ SET_VAR(query_timeout = 120000) */
                user_id, 
                   get_json_string(geo, '$.country') AS country
            FROM flowgpt.tbl_event_app
            WHERE event_date = '2025-04-02'
              AND user_id IS NOT NULL AND user_id != ''
              AND get_json_string(geo, '$.country') IS NOT NULL
              AND get_json_string(geo, '$.country') != '';
        ]
(Background on this error at: https://sqlalche.me/e/20/e3q8)
